<?xml version="1.0" encoding="UTF-8"?>
<!-- Generated by org.testng.reporters.JUnitReportReporter -->
<testsuite hostname="richa-ThinkPad-L14-Gen-1" failures="0" tests="6" name="API_TESTING.project_1.TestCases" time="5.740" errors="0" timestamp="01 Jun 2022 16:10:10 GMT" skipped="0">
  <testcase classname="API_TESTING.project_1.TestCases" name="testGetUserList" time="0.980"/>
  <testcase classname="API_TESTING.project_1.TestCases" name="testLoginUserUnsuccessful" time="0.915"/>
  <testcase classname="API_TESTING.project_1.TestCases" name="testRegisterUser" time="0.667"/>
  <testcase classname="API_TESTING.project_1.TestCases" name="testFetchUser" time="0.796"/>
  <testcase classname="API_TESTING.project_1.TestCases" name="testLoginUserSuccessful" time="0.780"/>
  <testcase classname="API_TESTING.project_1.TestCases" name="testCreateUser" time="1.602"/>
</testsuite> <!-- API_TESTING.project_1.TestCases -->
